{
  "RSpec": {
    "coverage": {
      "/Users/student/Projects/week2/weekly_exercise/oystercard/spec/journey_spec.rb": [
        1,
        null,
        1,
        11,
        7,
        5,
        null,
        1,
        1,
        1,
        null,
        null,
        1,
        1,
        null,
        null,
        null,
        1,
        1,
        1,
        1,
        null,
        null,
        1,
        1,
        1,
        null,
        null,
        null,
        1,
        1,
        1,
        1,
        null,
        null,
        1,
        1,
        1,
        null,
        null,
        null,
        1,
        1,
        1,
        1,
        1,
        null,
        null,
        1,
        1,
        1,
        null,
        null,
        null,
        null,
        1,
        1,
        1,
        1,
        null,
        null,
        1,
        1,
        1,
        1,
        null,
        null,
        null
      ],
      "/Users/student/Projects/week2/weekly_exercise/oystercard/lib/journey.rb": [
        1,
        null,
        1,
        null,
        1,
        1,
        null,
        1,
        19,
        19,
        19,
        null,
        null,
        1,
        9,
        9,
        null,
        null,
        1,
        7,
        7,
        null,
        null,
        1,
        4,
        2,
        2,
        null,
        null,
        null,
        1,
        2,
        null,
        null
      ],
      "/Users/student/Projects/week2/weekly_exercise/oystercard/spec/journeylog_spec.rb": [
        null,
        null,
        null,
        null,
        null,
        null,
        null,
        null,
        null,
        null,
        null,
        null,
        null,
        null,
        null,
        null,
        null,
        null,
        null,
        null,
        null,
        null,
        null,
        null
      ],
      "/Users/student/Projects/week2/weekly_exercise/oystercard/spec/oystercard_spec.rb": [
        1,
        null,
        1,
        null,
        10,
        5,
        4,
        2,
        null,
        null,
        null,
        1,
        1,
        null,
        null,
        1,
        1,
        null,
        null,
        null,
        null,
        null,
        null,
        null,
        null,
        null,
        1,
        1,
        1,
        1,
        1,
        null,
        null,
        1,
        1,
        1,
        1,
        null,
        null,
        1,
        1,
        1,
        1,
        null,
        null,
        null,
        1,
        1,
        1,
        null,
        null,
        null,
        1,
        1,
        2,
        null,
        null,
        null,
        1,
        1,
        1,
        1,
        1,
        1,
        null,
        1,
        1,
        1,
        4,
        null,
        null,
        null
      ],
      "/Users/student/Projects/week2/weekly_exercise/oystercard/lib/oystercard.rb": [
        1,
        null,
        1,
        1,
        null,
        1,
        1,
        null,
        1,
        9,
        9,
        9,
        9,
        null,
        null,
        1,
        6,
        null,
        null,
        1,
        4,
        3,
        null,
        null,
        1,
        3,
        3,
        3,
        null,
        null,
        null,
        1,
        1,
        3,
        null,
        null,
        null
      ],
      "/Users/student/Projects/week2/weekly_exercise/oystercard/spec/station_spec.rb": [
        1,
        null,
        1,
        null,
        3,
        1,
        1,
        null,
        null,
        1,
        1,
        null,
        null
      ],
      "/Users/student/Projects/week2/weekly_exercise/oystercard/lib/station.rb": [
        1,
        null,
        1,
        null,
        1,
        2,
        2,
        null,
        null,
        null
      ]
    },
    "timestamp": 1569578291
  }
}
